<?xml version="1.0" encoding="UTF-8" ?>
<!DOCTYPE mapper
        PUBLIC "-//mybatis.org//DTD Mapper 3.0//EN"
        "http://mybatis.org/dtd/mybatis-3-mapper.dtd">
<mapper namespace="com.test.ssm.dao.CommonDao">

    <select id="onceCall" statementType="CALLABLE" useCache="false">
        {
            call
            new_db(#{param1, mode=IN, jdbcType=VARCHAR})
        }
    </select>

    <select id="oneMoreTimeCall" statementType="CALLABLE" useCache="false">
        <foreach collection="list" item="item" index="index" separator=";">
            {
                call
                new_db(#{item, mode=IN, jdbcType=VARCHAR})
            }
        </foreach>
    </select>

</mapper>
